<?xml version="1.0" encoding="UTF-8"?>
<!-- Generated by org.testng.reporters.JUnitXMLReporter -->
<testsuite hostname="Kevins-LT" name="Default test" tests="15" failures="0" timestamp="13 Jun 2016 12:42:08 GMT" time="1.868" errors="0">
  <testcase name="test02" time="0.02" classname="com.symbio.qa.automtion.AppTest"/>
  <testcase name="test02" time="0.01" classname="com.symbio.qa.automtion.AppTest"/>
  <testcase name="test02" time="0.009" classname="com.symbio.qa.automtion.AppTest"/>
  <testcase name="test02" time="0.01" classname="com.symbio.qa.automtion.AppTest"/>
  <testcase name="test02" time="0.008" classname="com.symbio.qa.automtion.AppTest"/>
  <testcase name="test02" time="0.052" classname="com.symbio.qa.automtion.AppTest"/>
  <testcase name="test02" time="0.008" classname="com.symbio.qa.automtion.AppTest"/>
  <testcase name="test02" time="0.015" classname="com.symbio.qa.automtion.AppTest"/>
  <testcase name="test02" time="0.023" classname="com.symbio.qa.automtion.AppTest"/>
  <testcase name="test02" time="0.011" classname="com.symbio.qa.automtion.AppTest"/>
  <testcase name="test02" time="0.009" classname="com.symbio.qa.automtion.AppTest"/>
  <testcase name="test02" time="0.007" classname="com.symbio.qa.automtion.AppTest"/>
  <testcase name="test02" time="0.013" classname="com.symbio.qa.automtion.AppTest"/>
  <testcase name="test02" time="0.014" classname="com.symbio.qa.automtion.AppTest"/>
  <testcase name="test02" time="0.017" classname="com.symbio.qa.automtion.AppTest"/>
</testsuite> <!-- Default test -->
